TN:
SF:src/AmIBased1tx.sol
FN:12,AmIBased1tx.initialize
FNDA:9,AmIBased1tx.initialize
DA:13,9
DA:13,9
DA:14,9
DA:14,9
DA:15,9
DA:15,9
FN:18,AmIBased1tx.supportsInterface
FNDA:2,AmIBased1tx.supportsInterface
DA:25,2
DA:25,2
DA:25,2
DA:25,2
DA:26,0
DA:26,0
FN:29,AmIBased1tx._increaseBalance
FNDA:0,AmIBased1tx._increaseBalance
DA:33,0
DA:33,0
FN:36,AmIBased1tx._update
FNDA:9,AmIBased1tx._update
DA:41,9
DA:41,9
DA:41,9
DA:44,9
DA:44,9
DA:44,9
DA:44,7
DA:44,7
BRDA:44,0,0,-
BRDA:44,0,1,9
DA:45,0
DA:45,0
DA:47,9
DA:47,9
FN:50,AmIBased1tx.amIBased
FNDA:7,AmIBased1tx.amIBased
DA:55,7
DA:55,7
BRDA:55,1,0,-
BRDA:55,1,1,7
DA:56,7
DA:56,7
DA:56,7
DA:57,7
DA:57,7
BRDA:57,2,0,-
BRDA:57,2,1,7
DA:59,7
DA:59,7
DA:59,7
DA:59,7
DA:60,7
DA:60,7
DA:61,7
DA:61,7
DA:62,7
DA:62,7
DA:65,7
DA:65,7
DA:65,7
DA:66,7
DA:66,7
BRDA:66,3,0,-
BRDA:66,3,1,7
DA:69,7
DA:69,7
DA:69,7
DA:70,7
DA:70,7
BRDA:70,4,0,-
BRDA:70,4,1,6
DA:71,6
DA:71,6
DA:71,6
DA:72,6
DA:72,6
BRDA:72,5,0,-
BRDA:72,5,1,6
DA:75,7
DA:75,7
FN:78,AmIBased1tx.tokenURI
FNDA:1,AmIBased1tx.tokenURI
DA:84,1
DA:84,1
DA:84,1
FN:87,AmIBased1tx.setLock
FNDA:4,AmIBased1tx.setLock
DA:88,4
BRDA:88,6,0,1
BRDA:88,6,1,3
DA:89,1
DA:89,1
DA:91,3
DA:91,3
FN:95,AmIBased1tx.setFee
FNDA:1,AmIBased1tx.setFee
DA:96,1
DA:96,1
FN:99,AmIBased1tx.initialTokenInfo
FNDA:7,AmIBased1tx.initialTokenInfo
DA:106,7
DA:106,7
BRDA:106,7,0,-
BRDA:106,7,1,7
DA:107,7
DA:107,7
BRDA:107,8,0,-
BRDA:107,8,1,7
DA:110,7
DA:110,7
FN:113,AmIBased1tx.updateTokenInfo
FNDA:1,AmIBased1tx.updateTokenInfo
DA:120,1
DA:120,1
BRDA:120,9,0,-
BRDA:120,9,1,1
DA:121,1
DA:121,1
BRDA:121,10,0,-
BRDA:121,10,1,1
DA:125,1
DA:125,1
FN:128,AmIBased1tx._updateTokenInfo
FNDA:8,AmIBased1tx._updateTokenInfo
DA:129,8
DA:129,8
DA:130,8
DA:130,8
FNF:11
FNH:10
LF:37
LH:34
BRF:22
BRH:12
end_of_record
TN:
SF:src/extensions/NFTUtils.sol
FN:21,NFTUtils._getNFTUtilStorage
FNDA:59,NFTUtils._getNFTUtilStorage
DA:23,59
DA:23,59
FN:30,NFTUtils.__NFTUtils_init
FNDA:9,NFTUtils.__NFTUtils_init
DA:31,9
DA:31,9
FN:34,NFTUtils.__NFTUtils_init_unchained
FNDA:9,NFTUtils.__NFTUtils_init_unchained
DA:35,9
DA:35,9
DA:35,9
DA:36,9
DA:36,9
DA:37,9
DA:37,9
FN:40,NFTUtils._mintLogging
FNDA:7,NFTUtils._mintLogging
DA:41,7
DA:41,7
DA:41,7
DA:42,7
DA:42,7
DA:43,7
DA:43,7
FN:46,NFTUtils.isMinted
FNDA:1,NFTUtils.isMinted
DA:47,8
DA:47,8
DA:47,8
DA:48,8
DA:48,8
FN:51,NFTUtils.dataValidCheck
FNDA:1,NFTUtils.dataValidCheck
DA:60,9
DA:60,9
BRDA:60,0,0,-
BRDA:60,0,1,9
DA:62,9
DA:62,9
DA:62,9
DA:68,9
DA:68,9
DA:68,9
FN:71,NFTUtils.getScore
FNDA:3,NFTUtils.getScore
DA:72,3
DA:72,3
DA:72,3
DA:73,3
DA:73,3
FN:76,NFTUtils._setScore
FNDA:8,NFTUtils._setScore
DA:77,8
DA:77,8
DA:77,8
DA:78,8
DA:78,8
FN:81,NFTUtils.getLockStatus
FNDA:2,NFTUtils.getLockStatus
DA:82,11
DA:82,11
DA:82,11
DA:83,11
DA:83,11
FN:86,NFTUtils._lock
FNDA:1,NFTUtils._lock
DA:87,1
DA:87,1
DA:87,1
DA:88,1
DA:88,1
FN:91,NFTUtils._unLock
FNDA:3,NFTUtils._unLock
DA:92,3
DA:92,3
DA:92,3
DA:93,3
DA:93,3
FN:96,NFTUtils._setFee
FNDA:1,NFTUtils._setFee
DA:97,1
DA:97,1
DA:97,1
DA:98,1
DA:98,1
FN:101,NFTUtils.getFee
FNDA:1,NFTUtils.getFee
DA:102,8
DA:102,8
DA:102,8
DA:103,8
DA:103,8
FNF:13
FNH:13
LF:27
LH:27
BRF:2
BRH:1
end_of_record
